Microsoft HTML Help Compiler 4.74.8702

Compiling c:\Users\Lenovo\IdeaProjects\BdProj\help\UserManual.chm


Compile time: 0 minutes, 0 seconds
12	Topics
25	Local links
0	Internet links
8	Graphics


Created c:\Users\Lenovo\IdeaProjects\BdProj\help\UserManual.chm, 153,274 bytes
Compression decreased file by 16,787 bytes.
Microsoft HTML Help Compiler 4.74.8702

Compiling c:\Users\Lenovo\IdeaProjects\BdProj\help\UserManual.chm


Compile time: 0 minutes, 0 seconds
12	Topics
27	Local links
0	Internet links
8	Graphics


Created c:\Users\Lenovo\IdeaProjects\BdProj\help\UserManual.chm, 153,358 bytes
Compression decreased file by 17,032 bytes.
Microsoft HTML Help Compiler 4.74.8702

Compiling c:\Users\Lenovo\IdeaProjects\BdProj\help\UserManual.chm


Compile time: 0 minutes, 0 seconds
12	Topics
27	Local links
0	Internet links
8	Graphics


Created c:\Users\Lenovo\IdeaProjects\BdProj\help\UserManual.chm, 153,358 bytes
Compression decreased file by 17,032 bytes.
Microsoft HTML Help Compiler 4.74.8702

Compiling c:\Users\Lenovo\IdeaProjects\BdProj\help\UserManual.chm


Compile time: 0 minutes, 0 seconds
12	Topics
27	Local links
0	Internet links
8	Graphics


Created c:\Users\Lenovo\IdeaProjects\BdProj\help\UserManual.chm, 153,348 bytes
Compression decreased file by 17,030 bytes.
HHC5010: Error: Cannot open "c:\Users\Lenovo\IdeaProjects\BdProj\help\UserManual.chm". Compilation stopped.
Microsoft HTML Help Compiler 4.74.8702

Compiling c:\Users\Lenovo\IdeaProjects\BdProj\help\UserManual.chm


Compile time: 0 minutes, 0 seconds
12	Topics
28	Local links
0	Internet links
8	Graphics


Created c:\Users\Lenovo\IdeaProjects\BdProj\help\UserManual.chm, 153,366 bytes
Compression decreased file by 17,089 bytes.
Microsoft HTML Help Compiler 4.74.8702

Compiling c:\Users\Lenovo\IdeaProjects\BdProj\help\UserManual.chm


Compile time: 0 minutes, 0 seconds
12	Topics
32	Local links
0	Internet links
8	Graphics


Created c:\Users\Lenovo\IdeaProjects\BdProj\help\UserManual.chm, 153,420 bytes
Compression decreased file by 17,373 bytes.
Microsoft HTML Help Compiler 4.74.8702

Compiling c:\Users\Lenovo\IdeaProjects\BdProj\help\UserManual.chm


Compile time: 0 minutes, 0 seconds
13	Topics
32	Local links
0	Internet links
8	Graphics


Created c:\Users\Lenovo\IdeaProjects\BdProj\help\UserManual.chm, 153,444 bytes
Compression decreased file by 17,349 bytes.
Microsoft HTML Help Compiler 4.74.8702

Compiling c:\Users\Lenovo\IdeaProjects\BdProj\help\UserManual.chm


Compile time: 0 minutes, 0 seconds
15	Topics
36	Local links
0	Internet links
8	Graphics


Created c:\Users\Lenovo\IdeaProjects\BdProj\help\UserManual.chm, 153,538 bytes
Compression decreased file by 33,045 bytes.
Microsoft HTML Help Compiler 4.74.8702

Compiling c:\Users\Lenovo\IdeaProjects\BdProj\help\UserManual.chm


Compile time: 0 minutes, 0 seconds
15	Topics
36	Local links
0	Internet links
8	Graphics


Created c:\Users\Lenovo\IdeaProjects\BdProj\help\UserManual.chm, 153,550 bytes
Compression decreased file by 33,034 bytes.
Microsoft HTML Help Compiler 4.74.8702

Compiling c:\Users\Lenovo\IdeaProjects\BdProj\help\UserManual.chm


Compile time: 0 minutes, 0 seconds
15	Topics
37	Local links
0	Internet links
8	Graphics


Created c:\Users\Lenovo\IdeaProjects\BdProj\help\UserManual.chm, 153,548 bytes
Compression decreased file by 33,043 bytes.
Microsoft HTML Help Compiler 4.74.8702

Compiling c:\Users\Lenovo\IdeaProjects\BdProj\help\UserManual.chm


Compile time: 0 minutes, 0 seconds
15	Topics
37	Local links
0	Internet links
8	Graphics


Created c:\Users\Lenovo\IdeaProjects\BdProj\help\UserManual.chm, 153,268 bytes
Compression decreased file by 32,676 bytes.
Microsoft HTML Help Compiler 4.74.8702

Compiling c:\Users\Lenovo\IdeaProjects\BdProj\help\UserManual.chm


Compile time: 0 minutes, 0 seconds
15	Topics
37	Local links
0	Internet links
8	Graphics


Created c:\Users\Lenovo\IdeaProjects\BdProj\help\UserManual.chm, 153,268 bytes
Compression decreased file by 32,676 bytes.
Microsoft HTML Help Compiler 4.74.8702

Compiling c:\Users\Lenovo\IdeaProjects\BdProj\help\UserManual.chm


Compile time: 0 minutes, 0 seconds
15	Topics
37	Local links
0	Internet links
8	Graphics


Created c:\Users\Lenovo\IdeaProjects\BdProj\help\UserManual.chm, 153,540 bytes
Compression decreased file by 33,053 bytes.
Microsoft HTML Help Compiler 4.74.8702

Compiling c:\Users\Lenovo\IdeaProjects\BdProj\help\UserManual.chm


Compile time: 0 minutes, 0 seconds
15	Topics
37	Local links
0	Internet links
8	Graphics


Created c:\Users\Lenovo\IdeaProjects\BdProj\help\UserManual.chm, 153,446 bytes
Compression decreased file by 33,796 bytes.
Microsoft HTML Help Compiler 4.74.8702

Compiling c:\Users\Lenovo\IdeaProjects\BdProj\help\UserManual.chm


Compile time: 0 minutes, 0 seconds
15	Topics
37	Local links
0	Internet links
8	Graphics


Created c:\Users\Lenovo\IdeaProjects\BdProj\help\UserManual.chm, 153,546 bytes
Compression decreased file by 33,047 bytes.
Microsoft HTML Help Compiler 4.74.8702

Compiling c:\Users\Lenovo\IdeaProjects\BdProj\help\UserManual.chm


Compile time: 0 minutes, 0 seconds
15	Topics
37	Local links
0	Internet links
8	Graphics


Created c:\Users\Lenovo\IdeaProjects\BdProj\help\UserManual.chm, 153,542 bytes
Compression decreased file by 33,048 bytes.
